[Fri Apr  3 02:43:09 PM +07 2026] Khởi động môi trường PX4 SITL và các Node ROS...
[Fri Apr  3 02:46:48 PM +07 2026] Khởi động môi trường PX4 SITL và các Node ROS...
[Fri Apr  3 02:51:23 PM +07 2026] Khởi động ROS2 System Launch...
[Fri Apr  3 02:57:07 PM +07 2026] Khởi động ROS2 System Launch...
[Fri Apr  3 03:04:02 PM +07 2026] Khởi động ROS2 System Launch...
[Fri Apr  3 03:04:23 PM +07 2026] Khởi động ROS2 System Launch...
[Fri Apr  3 03:07:31 PM +07 2026] Bước 0: Quét dọn các tàn dư PX4/Gazebo cũ (nếu có)...
[Fri Apr  3 03:07:33 PM +07 2026] Bước 1: Khởi động PX4 SITL & Gazebo...
[Fri Apr  3 03:08:38 PM +07 2026] Bước 0: Quét dọn các tàn dư PX4/Gazebo cũ (nếu có)...
[Fri Apr  3 03:08:40 PM +07 2026] Bước 1: Khởi động PX4 SITL & Gazebo...
[Fri Apr  3 03:09:44 PM +07 2026] Bước 0: Quét dọn các tàn dư PX4/Gazebo cũ (nếu có)...
[Fri Apr  3 03:09:46 PM +07 2026] Bước 1: Khởi động PX4 SITL & Gazebo...
[Fri Apr  3 03:10:50 PM +07 2026] Bước 0: Quét dọn các tàn dư PX4/Gazebo cũ (nếu có)...
[Fri Apr  3 03:10:52 PM +07 2026] Bước 1: Khởi động PX4 SITL & Gazebo...
[Fri Apr  3 03:11:58 PM +07 2026] Bước 0: Quét dọn các tàn dư PX4/Gazebo cũ (nếu có)...
[Fri Apr  3 03:12:00 PM +07 2026] Bước 1: Khởi động PX4 SITL & Gazebo...
[Fri Apr  3 03:13:05 PM +07 2026] Bước 0: Quét dọn các tàn dư PX4/Gazebo cũ (nếu có)...
[Fri Apr  3 03:13:07 PM +07 2026] Bước 1: Khởi động PX4 SITL & Gazebo...
[Fri Apr  3 03:14:11 PM +07 2026] Bước 0: Quét dọn các tàn dư PX4/Gazebo cũ (nếu có)...
[Fri Apr  3 03:14:13 PM +07 2026] Bước 1: Khởi động PX4 SITL & Gazebo...
[Fri Apr  3 03:15:18 PM +07 2026] Bước 0: Quét dọn các tàn dư PX4/Gazebo cũ (nếu có)...
[Fri Apr  3 03:15:20 PM +07 2026] Bước 1: Khởi động PX4 SITL & Gazebo...
[Fri Apr  3 03:16:28 PM +07 2026] Bước 0: Quét dọn các tàn dư PX4/Gazebo cũ (nếu có)...
[Fri Apr  3 03:16:30 PM +07 2026] Bước 1: Khởi động PX4 SITL & Gazebo...
[Fri Apr  3 03:17:38 PM +07 2026] Bước 0: Quét dọn các tàn dư PX4/Gazebo cũ (nếu có)...
[Fri Apr  3 03:17:40 PM +07 2026] Bước 1: Khởi động PX4 SITL & Gazebo...
[Fri Apr  3 03:18:48 PM +07 2026] Bước 0: Quét dọn các tàn dư PX4/Gazebo cũ (nếu có)...
[Fri Apr  3 03:18:50 PM +07 2026] Bước 1: Khởi động PX4 SITL & Gazebo...
[Fri Apr  3 03:19:58 PM +07 2026] Bước 0: Quét dọn các tàn dư PX4/Gazebo cũ (nếu có)...
[Fri Apr  3 03:20:00 PM +07 2026] Bước 1: Khởi động PX4 SITL & Gazebo...
[Fri Apr  3 03:21:07 PM +07 2026] Bước 0: Quét dọn các tàn dư PX4/Gazebo cũ (nếu có)...
[Fri Apr  3 03:21:09 PM +07 2026] Bước 1: Khởi động PX4 SITL & Gazebo...
[Fri Apr  3 03:22:17 PM +07 2026] Bước 0: Quét dọn các tàn dư PX4/Gazebo cũ (nếu có)...
[Fri Apr  3 03:22:19 PM +07 2026] Bước 1: Khởi động PX4 SITL & Gazebo...
[Fri Apr  3 03:23:25 PM +07 2026] Bước 0: Quét dọn các tàn dư PX4/Gazebo cũ (nếu có)...
[Fri Apr  3 03:23:27 PM +07 2026] Bước 1: Khởi động PX4 SITL & Gazebo...
[Fri Apr  3 03:24:32 PM +07 2026] Bước 0: Quét dọn các tàn dư PX4/Gazebo cũ (nếu có)...
[Fri Apr  3 03:24:34 PM +07 2026] Bước 1: Khởi động PX4 SITL & Gazebo...
[Fri Apr  3 03:25:41 PM +07 2026] Bước 0: Quét dọn các tàn dư PX4/Gazebo cũ (nếu có)...
[Fri Apr  3 03:25:43 PM +07 2026] Bước 1: Khởi động PX4 SITL & Gazebo...
[Fri Apr  3 03:26:51 PM +07 2026] Bước 0: Quét dọn các tàn dư PX4/Gazebo cũ (nếu có)...
[Fri Apr  3 03:26:53 PM +07 2026] Bước 1: Khởi động PX4 SITL & Gazebo...
[Fri Apr  3 03:28:02 PM +07 2026] Bước 0: Quét dọn các tàn dư PX4/Gazebo cũ (nếu có)...
[Fri Apr  3 03:28:04 PM +07 2026] Bước 1: Khởi động PX4 SITL & Gazebo...
[Fri Apr  3 03:29:10 PM +07 2026] Bước 0: Quét dọn các tàn dư PX4/Gazebo cũ (nếu có)...
[Fri Apr  3 03:29:12 PM +07 2026] Bước 1: Khởi động PX4 SITL & Gazebo...
[Fri Apr  3 03:30:20 PM +07 2026] Bước 0: Quét dọn các tàn dư PX4/Gazebo cũ (nếu có)...
[Fri Apr  3 03:30:22 PM +07 2026] Bước 1: Khởi động PX4 SITL & Gazebo...
[Fri Apr  3 03:31:30 PM +07 2026] Bước 0: Quét dọn các tàn dư PX4/Gazebo cũ (nếu có)...
[Fri Apr  3 03:31:32 PM +07 2026] Bước 1: Khởi động PX4 SITL & Gazebo...
[Fri Apr  3 03:35:21 PM +07 2026] Bước 0: Quét dọn các tàn dư PX4/Gazebo cũ (nếu có)...
[Fri Apr  3 03:35:23 PM +07 2026] Bước 1: Khởi động PX4 SITL & Gazebo...
[Fri Apr  3 03:36:30 PM +07 2026] Bước 0: Quét dọn các tàn dư PX4/Gazebo cũ (nếu có)...
[Fri Apr  3 03:36:32 PM +07 2026] Bước 1: Khởi động PX4 SITL & Gazebo...
[Fri Apr  3 03:38:49 PM +07 2026] Khởi động môi trường PX4 SITL & Gazebo (Persisted)...
[Fri Apr  3 03:40:02 PM +07 2026] Bắt đầu một vòng lặp ROS2 mới...
[Fri Apr  3 03:40:23 PM +07 2026] Bắt đầu một vòng lặp ROS2 mới...
[Fri Apr  3 03:54:08 PM +07 2026] Bước 0: Quét dọn các tàn dư PX4/Gazebo cũ (nếu có)...
[Fri Apr  3 03:54:10 PM +07 2026] Bước 1: Khởi động PX4 SITL & Gazebo...
[Fri Apr  3 03:54:58 PM +07 2026] Bước 0: Quét dọn các tàn dư PX4/Gazebo cũ (nếu có)...
[Fri Apr  3 03:55:00 PM +07 2026] Bước 1: Khởi động PX4 SITL & Gazebo...
[Fri Apr  3 03:58:51 PM +07 2026] Bước 0: Quét dọn các tàn dư PX4/Gazebo cũ (nếu có)...
[Fri Apr  3 03:58:53 PM +07 2026] Bước 1: Khởi động PX4 SITL & Gazebo...
[Fri Apr  3 04:00:23 PM +07 2026] Bước 0: Quét dọn các tàn dư PX4/Gazebo cũ (nếu có)...
[Fri Apr  3 04:00:25 PM +07 2026] Bước 1: Khởi động PX4 SITL & Gazebo...
[Fri Apr  3 04:07:21 PM +07 2026] Bước 0: Quét dọn các tàn dư PX4/Gazebo cũ (nếu có)...
[Fri Apr  3 04:07:23 PM +07 2026] Bước 1: Khởi động PX4 SITL & Gazebo...
[Fri Apr  3 04:08:57 PM +07 2026] Bước 0: Quét dọn các tàn dư PX4/Gazebo cũ (nếu có)...
[Fri Apr  3 04:09:00 PM +07 2026] Bước 1: Khởi động PX4 SITL & Gazebo...
[Fri Apr  3 04:09:40 PM +07 2026] Bước 0: Quét dọn các tàn dư PX4/Gazebo cũ (nếu có)...
[Fri Apr  3 04:09:42 PM +07 2026] Bước 1: Khởi động PX4 SITL & Gazebo...
[Fri Apr  3 04:10:36 PM +07 2026] Bước 0: Quét dọn các tàn dư PX4/Gazebo cũ (nếu có)...
[Fri Apr  3 04:10:39 PM +07 2026] Bước 1: Khởi động PX4 SITL & Gazebo...
[Fri Apr  3 04:16:55 PM +07 2026] Bước 0: Quét dọn các tàn dư PX4/Gazebo cũ (nếu có)...
[Fri Apr  3 04:16:57 PM +07 2026] Bước 1: Khởi động PX4 SITL & Gazebo...
[Fri Apr  3 04:25:08 PM +07 2026] Bước 0: Quét dọn các tàn dư PX4/Gazebo cũ (nếu có)...
[Fri Apr  3 04:25:10 PM +07 2026] Bước 1: Khởi động PX4 SITL & Gazebo...
[Fri Apr  3 04:26:17 PM +07 2026] Bước 0: Quét dọn các tàn dư PX4/Gazebo cũ (nếu có)...
[Fri Apr  3 04:26:19 PM +07 2026] Bước 1: Khởi động PX4 SITL & Gazebo...
[Fri Apr  3 04:28:05 PM +07 2026] Bước 0: Quét dọn các tàn dư PX4/Gazebo cũ (nếu có)...
[Fri Apr  3 04:28:07 PM +07 2026] Bước 1: Khởi động PX4 SITL & Gazebo...
[Fri Apr  3 04:29:14 PM +07 2026] Bước 0: Quét dọn các tàn dư PX4/Gazebo cũ (nếu có)...
[Fri Apr  3 04:29:16 PM +07 2026] Bước 1: Khởi động PX4 SITL & Gazebo...
[Fri Apr  3 04:30:23 PM +07 2026] Bước 0: Quét dọn các tàn dư PX4/Gazebo cũ (nếu có)...
[Fri Apr  3 04:30:40 PM +07 2026] Bước 0: Quét dọn các tàn dư PX4/Gazebo cũ (nếu có)...
[Fri Apr  3 04:30:42 PM +07 2026] Bước 1: Khởi động PX4 SITL & Gazebo...
[Fri Apr  3 04:31:49 PM +07 2026] Bước 0: Quét dọn các tàn dư PX4/Gazebo cũ (nếu có)...
[Fri Apr  3 04:31:51 PM +07 2026] Bước 1: Khởi động PX4 SITL & Gazebo...
[Fri Apr  3 04:32:57 PM +07 2026] Bước 0: Quét dọn các tàn dư PX4/Gazebo cũ (nếu có)...
[Fri Apr  3 04:32:59 PM +07 2026] Bước 1: Khởi động PX4 SITL & Gazebo...
[Fri Apr  3 04:34:08 PM +07 2026] Bước 0: Quét dọn các tàn dư PX4/Gazebo cũ (nếu có)...
[Fri Apr  3 04:34:10 PM +07 2026] Bước 1: Khởi động PX4 SITL & Gazebo...
[Fri Apr  3 04:39:49 PM +07 2026] Bước 0: Quét dọn các tàn dư PX4/Gazebo cũ (nếu có)...
[Fri Apr  3 04:39:51 PM +07 2026] Bước 1: Khởi động PX4 SITL & Gazebo...
[Fri Apr  3 05:03:34 PM +07 2026] Bước 0: Quét dọn các tàn dư PX4/Gazebo cũ (nếu có)...
[Fri Apr  3 05:03:36 PM +07 2026] Bước 1: Khởi động PX4 SITL & Gazebo...
[Fri Apr  3 05:04:41 PM +07 2026] Bước 0: Quét dọn các tàn dư PX4/Gazebo cũ (nếu có)...
[Fri Apr  3 05:04:43 PM +07 2026] Bước 1: Khởi động PX4 SITL & Gazebo...
[Fri Apr  3 05:05:47 PM +07 2026] Bước 0: Quét dọn các tàn dư PX4/Gazebo cũ (nếu có)...
[Fri Apr  3 05:05:49 PM +07 2026] Bước 1: Khởi động PX4 SITL & Gazebo...
[Fri Apr  3 05:06:55 PM +07 2026] Bước 0: Quét dọn các tàn dư PX4/Gazebo cũ (nếu có)...
[Fri Apr  3 05:06:57 PM +07 2026] Bước 1: Khởi động PX4 SITL & Gazebo...
[Fri Apr  3 05:08:02 PM +07 2026] Bước 0: Quét dọn các tàn dư PX4/Gazebo cũ (nếu có)...
[Fri Apr  3 05:08:04 PM +07 2026] Bước 1: Khởi động PX4 SITL & Gazebo...
[Fri Apr  3 05:09:12 PM +07 2026] Bước 0: Quét dọn các tàn dư PX4/Gazebo cũ (nếu có)...
[Fri Apr  3 05:09:14 PM +07 2026] Bước 1: Khởi động PX4 SITL & Gazebo...
[Fri Apr  3 05:10:11 PM +07 2026] Bước 0: Quét dọn các tàn dư PX4/Gazebo cũ (nếu có)...
[Fri Apr  3 05:10:13 PM +07 2026] Bước 1: Khởi động PX4 SITL & Gazebo...
[Fri Apr  3 05:11:15 PM +07 2026] Bước 0: Quét dọn các tàn dư PX4/Gazebo cũ (nếu có)...
[Fri Apr  3 05:11:17 PM +07 2026] Bước 1: Khởi động PX4 SITL & Gazebo...
[Fri Apr  3 05:12:14 PM +07 2026] Bước 0: Quét dọn các tàn dư PX4/Gazebo cũ (nếu có)...
[Fri Apr  3 05:12:16 PM +07 2026] Bước 1: Khởi động PX4 SITL & Gazebo...
[Fri Apr  3 05:13:27 PM +07 2026] Bước 0: Quét dọn các tàn dư PX4/Gazebo cũ (nếu có)...
[Fri Apr  3 05:13:29 PM +07 2026] Bước 1: Khởi động PX4 SITL & Gazebo...
[Fri Apr  3 05:14:39 PM +07 2026] Bước 0: Quét dọn các tàn dư PX4/Gazebo cũ (nếu có)...
[Fri Apr  3 05:14:41 PM +07 2026] Bước 1: Khởi động PX4 SITL & Gazebo...
[Fri Apr  3 05:15:52 PM +07 2026] Bước 0: Quét dọn các tàn dư PX4/Gazebo cũ (nếu có)...
[Fri Apr  3 05:15:54 PM +07 2026] Bước 1: Khởi động PX4 SITL & Gazebo...
[Fri Apr  3 05:17:05 PM +07 2026] Bước 0: Quét dọn các tàn dư PX4/Gazebo cũ (nếu có)...
[Fri Apr  3 05:17:07 PM +07 2026] Bước 1: Khởi động PX4 SITL & Gazebo...
[Fri Apr  3 05:18:00 PM +07 2026] Bước 0: Quét dọn các tàn dư PX4/Gazebo cũ (nếu có)...
[Fri Apr  3 05:18:02 PM +07 2026] Bước 1: Khởi động PX4 SITL & Gazebo...
[Fri Apr  3 05:19:07 PM +07 2026] Bước 0: Quét dọn các tàn dư PX4/Gazebo cũ (nếu có)...
[Fri Apr  3 05:19:09 PM +07 2026] Bước 1: Khởi động PX4 SITL & Gazebo...
[Fri Apr  3 05:20:14 PM +07 2026] Bước 0: Quét dọn các tàn dư PX4/Gazebo cũ (nếu có)...
[Fri Apr  3 05:20:16 PM +07 2026] Bước 1: Khởi động PX4 SITL & Gazebo...
[Fri Apr  3 05:21:22 PM +07 2026] Bước 0: Quét dọn các tàn dư PX4/Gazebo cũ (nếu có)...
[Fri Apr  3 05:21:24 PM +07 2026] Bước 1: Khởi động PX4 SITL & Gazebo...
[Fri Apr  3 05:22:30 PM +07 2026] Bước 0: Quét dọn các tàn dư PX4/Gazebo cũ (nếu có)...
[Fri Apr  3 05:22:32 PM +07 2026] Bước 1: Khởi động PX4 SITL & Gazebo...
[Fri Apr  3 05:23:39 PM +07 2026] Bước 0: Quét dọn các tàn dư PX4/Gazebo cũ (nếu có)...
[Fri Apr  3 05:23:41 PM +07 2026] Bước 1: Khởi động PX4 SITL & Gazebo...
[Fri Apr  3 05:24:48 PM +07 2026] Bước 0: Quét dọn các tàn dư PX4/Gazebo cũ (nếu có)...
[Fri Apr  3 05:24:50 PM +07 2026] Bước 1: Khởi động PX4 SITL & Gazebo...
[Fri Apr  3 05:25:58 PM +07 2026] Bước 0: Quét dọn các tàn dư PX4/Gazebo cũ (nếu có)...
[Fri Apr  3 05:26:00 PM +07 2026] Bước 1: Khởi động PX4 SITL & Gazebo...
[Fri Apr  3 05:27:08 PM +07 2026] Bước 0: Quét dọn các tàn dư PX4/Gazebo cũ (nếu có)...
[Fri Apr  3 05:27:10 PM +07 2026] Bước 1: Khởi động PX4 SITL & Gazebo...
[Fri Apr  3 05:28:19 PM +07 2026] Bước 0: Quét dọn các tàn dư PX4/Gazebo cũ (nếu có)...
[Fri Apr  3 05:28:21 PM +07 2026] Bước 1: Khởi động PX4 SITL & Gazebo...
[Fri Apr  3 05:29:30 PM +07 2026] Bước 0: Quét dọn các tàn dư PX4/Gazebo cũ (nếu có)...
[Fri Apr  3 05:29:32 PM +07 2026] Bước 1: Khởi động PX4 SITL & Gazebo...
[Fri Apr  3 05:30:42 PM +07 2026] Bước 0: Quét dọn các tàn dư PX4/Gazebo cũ (nếu có)...
[Fri Apr  3 05:30:44 PM +07 2026] Bước 1: Khởi động PX4 SITL & Gazebo...
[Fri Apr  3 05:31:56 PM +07 2026] Bước 0: Quét dọn các tàn dư PX4/Gazebo cũ (nếu có)...
[Fri Apr  3 05:31:58 PM +07 2026] Bước 1: Khởi động PX4 SITL & Gazebo...
[Fri Apr  3 05:33:09 PM +07 2026] Bước 0: Quét dọn các tàn dư PX4/Gazebo cũ (nếu có)...
[Fri Apr  3 05:33:11 PM +07 2026] Bước 1: Khởi động PX4 SITL & Gazebo...
[Fri Apr  3 05:34:24 PM +07 2026] Bước 0: Quét dọn các tàn dư PX4/Gazebo cũ (nếu có)...
[Fri Apr  3 05:34:26 PM +07 2026] Bước 1: Khởi động PX4 SITL & Gazebo...
[Fri Apr  3 05:35:39 PM +07 2026] Bước 0: Quét dọn các tàn dư PX4/Gazebo cũ (nếu có)...
[Fri Apr  3 05:35:41 PM +07 2026] Bước 1: Khởi động PX4 SITL & Gazebo...
[Fri Apr  3 05:43:06 PM +07 2026] Bước 0: Quét dọn các tàn dư PX4/Gazebo cũ (nếu có)...
[Fri Apr  3 05:43:08 PM +07 2026] Bước 1: Khởi động PX4 SITL & Gazebo...
[Fri Apr  3 05:44:14 PM +07 2026] Bước 0: Quét dọn các tàn dư PX4/Gazebo cũ (nếu có)...
[Fri Apr  3 05:44:16 PM +07 2026] Bước 1: Khởi động PX4 SITL & Gazebo...
[Fri Apr  3 05:45:21 PM +07 2026] Bước 0: Quét dọn các tàn dư PX4/Gazebo cũ (nếu có)...
[Fri Apr  3 05:45:23 PM +07 2026] Bước 1: Khởi động PX4 SITL & Gazebo...
[Fri Apr  3 05:46:29 PM +07 2026] Bước 0: Quét dọn các tàn dư PX4/Gazebo cũ (nếu có)...
[Fri Apr  3 05:46:31 PM +07 2026] Bước 1: Khởi động PX4 SITL & Gazebo...
[Fri Apr  3 05:47:37 PM +07 2026] Bước 0: Quét dọn các tàn dư PX4/Gazebo cũ (nếu có)...
[Fri Apr  3 05:47:39 PM +07 2026] Bước 1: Khởi động PX4 SITL & Gazebo...
[Fri Apr  3 05:48:46 PM +07 2026] Bước 0: Quét dọn các tàn dư PX4/Gazebo cũ (nếu có)...
[Fri Apr  3 05:48:48 PM +07 2026] Bước 1: Khởi động PX4 SITL & Gazebo...
[Fri Apr  3 05:49:55 PM +07 2026] Bước 0: Quét dọn các tàn dư PX4/Gazebo cũ (nếu có)...
[Fri Apr  3 05:49:57 PM +07 2026] Bước 1: Khởi động PX4 SITL & Gazebo...
[Fri Apr  3 05:51:07 PM +07 2026] Bước 0: Quét dọn các tàn dư PX4/Gazebo cũ (nếu có)...
[Fri Apr  3 05:51:09 PM +07 2026] Bước 1: Khởi động PX4 SITL & Gazebo...
[Fri Apr  3 05:58:46 PM +07 2026] Bước 0: Quét dọn các tàn dư PX4/Gazebo cũ (nếu có)...
[Fri Apr  3 05:58:48 PM +07 2026] Bước 1: Khởi động PX4 SITL & Gazebo...
[Fri Apr  3 05:59:53 PM +07 2026] Bước 0: Quét dọn các tàn dư PX4/Gazebo cũ (nếu có)...
[Fri Apr  3 05:59:55 PM +07 2026] Bước 1: Khởi động PX4 SITL & Gazebo...
[Fri Apr  3 06:01:01 PM +07 2026] Bước 0: Quét dọn các tàn dư PX4/Gazebo cũ (nếu có)...
[Fri Apr  3 06:01:03 PM +07 2026] Bước 1: Khởi động PX4 SITL & Gazebo...
[Fri Apr  3 06:02:08 PM +07 2026] Bước 0: Quét dọn các tàn dư PX4/Gazebo cũ (nếu có)...
[Fri Apr  3 06:02:10 PM +07 2026] Bước 1: Khởi động PX4 SITL & Gazebo...
[Fri Apr  3 06:03:16 PM +07 2026] Bước 0: Quét dọn các tàn dư PX4/Gazebo cũ (nếu có)...
[Fri Apr  3 06:03:18 PM +07 2026] Bước 1: Khởi động PX4 SITL & Gazebo...
[Fri Apr  3 06:12:47 PM +07 2026] Bước 0: Quét dọn các tàn dư PX4/Gazebo cũ (nếu có)...
[Fri Apr  3 06:12:49 PM +07 2026] Bước 1: Khởi động PX4 SITL & Gazebo...
[Fri Apr  3 06:13:55 PM +07 2026] Bước 0: Quét dọn các tàn dư PX4/Gazebo cũ (nếu có)...
[Fri Apr  3 06:13:57 PM +07 2026] Bước 1: Khởi động PX4 SITL & Gazebo...
[Fri Apr  3 06:15:02 PM +07 2026] Bước 0: Quét dọn các tàn dư PX4/Gazebo cũ (nếu có)...
[Fri Apr  3 06:15:04 PM +07 2026] Bước 1: Khởi động PX4 SITL & Gazebo...
[Fri Apr  3 06:16:10 PM +07 2026] Bước 0: Quét dọn các tàn dư PX4/Gazebo cũ (nếu có)...
[Fri Apr  3 06:16:12 PM +07 2026] Bước 1: Khởi động PX4 SITL & Gazebo...
[Fri Apr  3 06:28:13 PM +07 2026] Bước 0: Quét dọn các tàn dư PX4/Gazebo cũ (nếu có)...
[Fri Apr  3 06:28:15 PM +07 2026] Bước 1: Khởi động PX4 SITL & Gazebo...
[Fri Apr  3 06:30:12 PM +07 2026] Bước 0: Quét dọn các tàn dư PX4/Gazebo cũ (nếu có)...
[Fri Apr  3 06:30:17 PM +07 2026] Bước 0: Quét dọn các tàn dư PX4/Gazebo cũ (nếu có)...
[Fri Apr  3 06:30:19 PM +07 2026] Bước 1: Khởi động PX4 SITL & Gazebo...
[Fri Apr  3 06:36:00 PM +07 2026] Bước 0: Quét dọn các tàn dư PX4/Gazebo cũ (nếu có)...
[Fri Apr  3 06:36:02 PM +07 2026] Bước 1: Khởi động PX4 SITL & Gazebo...
[Fri Apr  3 06:38:13 PM +07 2026] Bước 0: Quét dọn các tàn dư PX4/Gazebo cũ (nếu có)...
[Fri Apr  3 06:38:15 PM +07 2026] Bước 1: Khởi động PX4 SITL & Gazebo...
[Fri Apr  3 06:39:24 PM +07 2026] Bước 0: Quét dọn các tàn dư PX4/Gazebo cũ (nếu có)...
[Fri Apr  3 06:39:26 PM +07 2026] Bước 1: Khởi động PX4 SITL & Gazebo...
[Fri Apr  3 06:40:35 PM +07 2026] Bước 0: Quét dọn các tàn dư PX4/Gazebo cũ (nếu có)...
[Fri Apr  3 06:40:37 PM +07 2026] Bước 1: Khởi động PX4 SITL & Gazebo...
[Fri Apr  3 06:49:11 PM +07 2026] Bước 0: Quét dọn các tàn dư PX4/Gazebo cũ (nếu có)...
[Fri Apr  3 06:49:13 PM +07 2026] Bước 1: Khởi động PX4 SITL & Gazebo...
[Fri Apr  3 06:51:26 PM +07 2026] Bước 0: Quét dọn các tàn dư PX4/Gazebo cũ (nếu có)...
[Fri Apr  3 06:51:28 PM +07 2026] Bước 1: Khởi động PX4 SITL & Gazebo...
[Fri Apr  3 06:56:51 PM +07 2026] Bước 0: Quét dọn các tàn dư PX4/Gazebo cũ (nếu có)...
[Fri Apr  3 06:56:53 PM +07 2026] Bước 1: Khởi động PX4 SITL & Gazebo...
[Fri Apr  3 06:58:03 PM +07 2026] Bước 0: Quét dọn các tàn dư PX4/Gazebo cũ (nếu có)...
[Fri Apr  3 06:58:05 PM +07 2026] Bước 1: Khởi động PX4 SITL & Gazebo...
[Fri Apr  3 06:59:14 PM +07 2026] Bước 0: Quét dọn các tàn dư PX4/Gazebo cũ (nếu có)...
[Fri Apr  3 06:59:16 PM +07 2026] Bước 1: Khởi động PX4 SITL & Gazebo...
[Fri Apr  3 07:00:28 PM +07 2026] Bước 0: Quét dọn các tàn dư PX4/Gazebo cũ (nếu có)...
[Fri Apr  3 07:00:30 PM +07 2026] Bước 1: Khởi động PX4 SITL & Gazebo...
[Fri Apr  3 07:01:41 PM +07 2026] Bước 0: Quét dọn các tàn dư PX4/Gazebo cũ (nếu có)...
[Fri Apr  3 07:01:43 PM +07 2026] Bước 1: Khởi động PX4 SITL & Gazebo...
[Fri Apr  3 07:02:50 PM +07 2026] Bước 0: Quét dọn các tàn dư PX4/Gazebo cũ (nếu có)...
[Fri Apr  3 07:02:52 PM +07 2026] Bước 1: Khởi động PX4 SITL & Gazebo...
[Fri Apr  3 07:03:57 PM +07 2026] Bước 0: Quét dọn các tàn dư PX4/Gazebo cũ (nếu có)...
[Fri Apr  3 07:03:59 PM +07 2026] Bước 1: Khởi động PX4 SITL & Gazebo...
[Fri Apr  3 07:06:49 PM +07 2026] Bước 0: Quét dọn các tàn dư PX4/Gazebo cũ (nếu có)...
[Fri Apr  3 07:06:52 PM +07 2026] Bước 1: Khởi động PX4 SITL & Gazebo...
[Fri Apr  3 07:07:58 PM +07 2026] Bước 0: Quét dọn các tàn dư PX4/Gazebo cũ (nếu có)...
[Fri Apr  3 07:08:00 PM +07 2026] Bước 1: Khởi động PX4 SITL & Gazebo...
[Fri Apr  3 07:13:55 PM +07 2026] Bước 0: Quét dọn các tàn dư PX4/Gazebo cũ (nếu có)...
[Fri Apr  3 07:13:57 PM +07 2026] Bước 1: Khởi động PX4 SITL & Gazebo...
[Fri Apr  3 07:15:02 PM +07 2026] Bước 0: Quét dọn các tàn dư PX4/Gazebo cũ (nếu có)...
[Fri Apr  3 07:15:04 PM +07 2026] Bước 1: Khởi động PX4 SITL & Gazebo...
[Fri Apr  3 07:16:08 PM +07 2026] Bước 0: Quét dọn các tàn dư PX4/Gazebo cũ (nếu có)...
[Fri Apr  3 07:16:10 PM +07 2026] Bước 1: Khởi động PX4 SITL & Gazebo...
[Fri Apr  3 07:17:02 PM +07 2026] Bước 0: Quét dọn các tàn dư PX4/Gazebo cũ (nếu có)...
[Fri Apr  3 07:17:04 PM +07 2026] Bước 1: Khởi động PX4 SITL & Gazebo...
[Fri Apr  3 07:18:11 PM +07 2026] Bước 0: Quét dọn các tàn dư PX4/Gazebo cũ (nếu có)...
[Fri Apr  3 07:18:13 PM +07 2026] Bước 1: Khởi động PX4 SITL & Gazebo...
[Fri Apr  3 07:19:17 PM +07 2026] Bước 0: Quét dọn các tàn dư PX4/Gazebo cũ (nếu có)...
[Fri Apr  3 07:19:19 PM +07 2026] Bước 1: Khởi động PX4 SITL & Gazebo...
[Fri Apr  3 07:20:25 PM +07 2026] Bước 0: Quét dọn các tàn dư PX4/Gazebo cũ (nếu có)...
[Fri Apr  3 07:20:27 PM +07 2026] Bước 1: Khởi động PX4 SITL & Gazebo...
[Sat Apr  4 10:54:58 AM +07 2026] Bước 0: Quét dọn các tàn dư PX4/Gazebo cũ (nếu có)...
[Sat Apr  4 10:55:00 AM +07 2026] Bước 1: Khởi động PX4 SITL & Gazebo...
[Sat Apr  4 10:56:02 AM +07 2026] Bước 0: Quét dọn các tàn dư PX4/Gazebo cũ (nếu có)...
[Sat Apr  4 10:56:04 AM +07 2026] Bước 1: Khởi động PX4 SITL & Gazebo...
[Sat Apr  4 10:57:07 AM +07 2026] Bước 0: Quét dọn các tàn dư PX4/Gazebo cũ (nếu có)...
[Sat Apr  4 10:57:09 AM +07 2026] Bước 1: Khởi động PX4 SITL & Gazebo...
[Sat Apr  4 10:58:13 AM +07 2026] Bước 0: Quét dọn các tàn dư PX4/Gazebo cũ (nếu có)...
[Sat Apr  4 10:58:15 AM +07 2026] Bước 1: Khởi động PX4 SITL & Gazebo...
[Sat Apr  4 10:59:18 AM +07 2026] Bước 0: Quét dọn các tàn dư PX4/Gazebo cũ (nếu có)...
[Sat Apr  4 10:59:20 AM +07 2026] Bước 1: Khởi động PX4 SITL & Gazebo...
[Sat Apr  4 11:43:08 AM +07 2026] Bước 0: Quét dọn các tàn dư PX4/Gazebo cũ (nếu có)...
[Sat Apr  4 11:43:10 AM +07 2026] Bước 1: Khởi động PX4 SITL & Gazebo...
[Sat Apr  4 11:44:11 AM +07 2026] Bước 0: Quét dọn các tàn dư PX4/Gazebo cũ (nếu có)...
[Sat Apr  4 11:44:13 AM +07 2026] Bước 1: Khởi động PX4 SITL & Gazebo...
[Sat Apr  4 11:45:16 AM +07 2026] Bước 0: Quét dọn các tàn dư PX4/Gazebo cũ (nếu có)...
[Sat Apr  4 11:45:18 AM +07 2026] Bước 1: Khởi động PX4 SITL & Gazebo...
[Sat Apr  4 11:46:21 AM +07 2026] Bước 0: Quét dọn các tàn dư PX4/Gazebo cũ (nếu có)...
[Sat Apr  4 11:46:23 AM +07 2026] Bước 1: Khởi động PX4 SITL & Gazebo...
[Sat Apr  4 11:47:27 AM +07 2026] Bước 0: Quét dọn các tàn dư PX4/Gazebo cũ (nếu có)...
[Sat Apr  4 11:47:29 AM +07 2026] Bước 1: Khởi động PX4 SITL & Gazebo...
[Sat Apr  4 11:48:33 AM +07 2026] Bước 0: Quét dọn các tàn dư PX4/Gazebo cũ (nếu có)...
[Sat Apr  4 11:48:35 AM +07 2026] Bước 1: Khởi động PX4 SITL & Gazebo...
[Sat Apr  4 11:49:39 AM +07 2026] Bước 0: Quét dọn các tàn dư PX4/Gazebo cũ (nếu có)...
[Sat Apr  4 11:49:41 AM +07 2026] Bước 1: Khởi động PX4 SITL & Gazebo...
[Sat Apr  4 11:50:45 AM +07 2026] Bước 0: Quét dọn các tàn dư PX4/Gazebo cũ (nếu có)...
[Sat Apr  4 11:50:47 AM +07 2026] Bước 1: Khởi động PX4 SITL & Gazebo...
[Sat Apr  4 11:51:51 AM +07 2026] Bước 0: Quét dọn các tàn dư PX4/Gazebo cũ (nếu có)...
[Sat Apr  4 11:51:53 AM +07 2026] Bước 1: Khởi động PX4 SITL & Gazebo...
[Sat Apr  4 11:52:57 AM +07 2026] Bước 0: Quét dọn các tàn dư PX4/Gazebo cũ (nếu có)...
[Sat Apr  4 11:52:59 AM +07 2026] Bước 1: Khởi động PX4 SITL & Gazebo...
[Sat Apr  4 11:54:04 AM +07 2026] Bước 0: Quét dọn các tàn dư PX4/Gazebo cũ (nếu có)...
[Sat Apr  4 11:54:06 AM +07 2026] Bước 1: Khởi động PX4 SITL & Gazebo...
[Sat Apr  4 11:55:11 AM +07 2026] Bước 0: Quét dọn các tàn dư PX4/Gazebo cũ (nếu có)...
[Sat Apr  4 11:55:13 AM +07 2026] Bước 1: Khởi động PX4 SITL & Gazebo...
[Sat Apr  4 11:56:19 AM +07 2026] Bước 0: Quét dọn các tàn dư PX4/Gazebo cũ (nếu có)...
[Sat Apr  4 11:56:21 AM +07 2026] Bước 1: Khởi động PX4 SITL & Gazebo...
[Sat Apr  4 11:57:27 AM +07 2026] Bước 0: Quét dọn các tàn dư PX4/Gazebo cũ (nếu có)...
[Sat Apr  4 11:57:29 AM +07 2026] Bước 1: Khởi động PX4 SITL & Gazebo...
[Sat Apr  4 11:58:36 AM +07 2026] Bước 0: Quét dọn các tàn dư PX4/Gazebo cũ (nếu có)...
[Sat Apr  4 11:58:38 AM +07 2026] Bước 1: Khởi động PX4 SITL & Gazebo...
[Sat Apr  4 11:59:44 AM +07 2026] Bước 0: Quét dọn các tàn dư PX4/Gazebo cũ (nếu có)...
[Sat Apr  4 11:59:46 AM +07 2026] Bước 1: Khởi động PX4 SITL & Gazebo...
[Sat Apr  4 12:00:54 PM +07 2026] Bước 0: Quét dọn các tàn dư PX4/Gazebo cũ (nếu có)...
[Sat Apr  4 12:00:56 PM +07 2026] Bước 1: Khởi động PX4 SITL & Gazebo...
[Sat Apr  4 12:02:04 PM +07 2026] Bước 0: Quét dọn các tàn dư PX4/Gazebo cũ (nếu có)...
[Sat Apr  4 12:02:06 PM +07 2026] Bước 1: Khởi động PX4 SITL & Gazebo...
[Sat Apr  4 12:03:15 PM +07 2026] Bước 0: Quét dọn các tàn dư PX4/Gazebo cũ (nếu có)...
[Sat Apr  4 12:03:17 PM +07 2026] Bước 1: Khởi động PX4 SITL & Gazebo...
[Sat Apr  4 12:04:26 PM +07 2026] Bước 0: Quét dọn các tàn dư PX4/Gazebo cũ (nếu có)...
[Sat Apr  4 12:04:28 PM +07 2026] Bước 1: Khởi động PX4 SITL & Gazebo...
[Sat Apr  4 12:05:38 PM +07 2026] Bước 0: Quét dọn các tàn dư PX4/Gazebo cũ (nếu có)...
[Sat Apr  4 12:05:40 PM +07 2026] Bước 1: Khởi động PX4 SITL & Gazebo...
