===========================================
   AUTOMATED STATIC HOVER TUNING SCRIPT    
===========================================

--- Testing configuration: Pitch=-0.04, Roll=0.0 ---
Killing existing processes...
Updated YAML with Pitch: -0.04, Roll: 0.0
Starting PX4 and Gazebo...
[0/1] cd /home/wicom/PX4-Autopilot/build/px4_sitl_default/src/modules/simulation/gz_bridge && /usr/bin/cmake -E env PX4_SIM_MODEL=gz_x500_hop GZ_IP=127.0.0.1 /home/wicom/PX4-Autopilot/build/px4_sitl_default/bin/px4

______  __   __    ___ 
| ___ \ \ \ / /   /   |
| |_/ /  \ V /   / /| |
|  __/   /   \  / /_| |
| |     / /^\ \ \___  |
\_|     \/   \/     |_/

px4 starting.

INFO  [px4] startup script: /bin/sh etc/init.d-posix/rcS 0
INFO  [init] found model autostart file as SYS_AUTOSTART=4000
INFO  [param] selected parameter default file parameters.bson
INFO  [param] importing from 'parameters.bson'
INFO  [parameters] BSON document size 423 bytes, decoded 423 bytes (INT32:15, FLOAT:6)
INFO  [param] selected parameter backup file parameters_backup.bson
INFO  [dataman] data manager file './dataman' size is 1208528 bytes
INFO  [init] Gazebo simulator
INFO  [init] Starting gazebo with world: /home/wicom/PX4-Autopilot/Tools/simulation/gz/worlds/default.sdf
INFO  [init] Starting gz gui
INFO  [init] Gazebo world is ready
INFO  [init] Spawning model
INFO  [gz_bridge] world: default, model: x500_hop_0
INFO  [commander] LED: open /dev/led0 failed (22)
INFO  [uxrce_dds_client] init UDP agent IP:127.0.0.1, port:8888
INFO  [mavlink] mode: Normal, data rate: 4000000 B/s on udp port 18570 remote port 14550
INFO  [mavlink] mode: Onboard, data rate: 4000000 B/s on udp port 14580 remote port 14540
INFO  [mavlink] mode: Onboard, data rate: 4000 B/s on udp port 14280 remote port 14030
INFO  [mavlink] mode: Gimbal, data rate: 400000 B/s on udp port 13030 remote port 13280
INFO  [logger] logger started (mode=all)
INFO  [logger] Start file log (type: full)
INFO  [logger] [logger] ./log/2026-04-04/07_00_14.ulg	
INFO  [logger] Opened full log file: ./log/2026-04-04/07_00_14.ulg
INFO  [mavlink] MAVLink only on localhost (set param MAV_{i}_BROADCAST = 1 to enable network)
INFO  [mavlink] MAVLink only on localhost (set param MAV_{i}_BROADCAST = 1 to enable network)
INFO  [px4] Startup script returned successfully
ninja: build stopped: interrupted by user.
make: *** [Makefile:232: px4_sitl] Hangup
